This file contains any messages produced by compilers while
running configure, to aid debugging if configure makes a mistake.

It was created by nana configure 3.0, which was
generated by GNU Autoconf 2.69.  Invocation command line was

  $ ./configure 

## --------- ##
## Platform. ##
## --------- ##

hostname = pjm
uname -m = x86_64
uname -r = 3.13.0-43-generic
uname -s = Linux
uname -v = #72-Ubuntu SMP Mon Dec 8 19:35:06 UTC 2014

/usr/bin/uname -p = unknown
/bin/uname -X     = unknown

/bin/arch              = unknown
/usr/bin/arch -k       = unknown
/usr/convex/getsysinfo = unknown
/usr/bin/hostinfo      = unknown
/bin/machine           = unknown
/usr/bin/oslevel       = unknown
/bin/universe          = unknown

PATH: /home/pjm/.cabal/bin
PATH: /home/pjm/bin
PATH: /usr/local/go/bin
PATH: /home/pjm/bin
PATH: /usr/local/sbin
PATH: /usr/local/bin
PATH: /usr/sbin
PATH: /usr/bin
PATH: /sbin
PATH: /bin
PATH: /usr/games
PATH: /usr/local/games


## ----------- ##
## Core tests. ##
## ----------- ##

configure:2091: checking build system type
configure:2105: result: x86_64-pc-linux-gnu
configure:2125: checking host system type
configure:2138: result: x86_64-pc-linux-gnu
configure:2158: checking target system type
configure:2171: result: x86_64-pc-linux-gnu
configure:2215: checking for a BSD-compatible install
configure:2283: result: /usr/bin/install -c
configure:2294: checking whether build environment is sane
configure:2349: result: yes
configure:2387: WARNING: 'missing' script is too old or missing
configure:2500: checking for a thread-safe mkdir -p
configure:2539: result: /bin/mkdir -p
configure:2546: checking for gawk
configure:2562: found /usr/bin/gawk
configure:2573: result: gawk
configure:2584: checking whether make sets $(MAKE)
configure:2606: result: yes
configure:2635: checking whether make supports nested variables
configure:2652: result: yes
configure:2836: checking for gcc
configure:2852: found /usr/bin/gcc
configure:2863: result: gcc
configure:3092: checking for C compiler version
configure:3101: gcc --version >&5
gcc (Ubuntu 4.8.2-19ubuntu1) 4.8.2
Copyright (C) 2013 Free Software Foundation, Inc.
This is free software; see the source for copying conditions.  There is NO
warranty; not even for MERCHANTABILITY or FITNESS FOR A PARTICULAR PURPOSE.

configure:3112: $? = 0
configure:3101: gcc -v >&5
Using built-in specs.
COLLECT_GCC=gcc
COLLECT_LTO_WRAPPER=/usr/lib/gcc/x86_64-linux-gnu/4.8/lto-wrapper
Target: x86_64-linux-gnu
Configured with: ../src/configure -v --with-pkgversion='Ubuntu 4.8.2-19ubuntu1' --with-bugurl=file:///usr/share/doc/gcc-4.8/README.Bugs --enable-languages=c,c++,java,go,d,fortran,objc,obj-c++ --prefix=/usr --program-suffix=-4.8 --enable-shared --enable-linker-build-id --libexecdir=/usr/lib --without-included-gettext --enable-threads=posix --with-gxx-include-dir=/usr/include/c++/4.8 --libdir=/usr/lib --enable-nls --with-sysroot=/ --enable-clocale=gnu --enable-libstdcxx-debug --enable-libstdcxx-time=yes --enable-gnu-unique-object --disable-libmudflap --enable-plugin --with-system-zlib --disable-browser-plugin --enable-java-awt=gtk --enable-gtk-cairo --with-java-home=/usr/lib/jvm/java-1.5.0-gcj-4.8-amd64/jre --enable-java-home --with-jvm-root-dir=/usr/lib/jvm/java-1.5.0-gcj-4.8-amd64 --with-jvm-jar-dir=/usr/lib/jvm-exports/java-1.5.0-gcj-4.8-amd64 --with-arch-directory=amd64 --with-ecj-jar=/usr/share/java/eclipse-ecj.jar --enable-objc-gc --enable-multiarch --disable-werror --with-arch-32=i686 --with-abi=m64 --with-multilib-list=m32,m64,mx32 --with-tune=generic --enable-checking=release --build=x86_64-linux-gnu --host=x86_64-linux-gnu --target=x86_64-linux-gnu
Thread model: posix
gcc version 4.8.2 (Ubuntu 4.8.2-19ubuntu1) 
configure:3112: $? = 0
configure:3101: gcc -V >&5
gcc: error: unrecognized command line option '-V'
gcc: fatal error: no input files
compilation terminated.
configure:3112: $? = 4
configure:3101: gcc -qversion >&5
gcc: error: unrecognized command line option '-qversion'
gcc: fatal error: no input files
compilation terminated.
configure:3112: $? = 4
configure:3132: checking whether the C compiler works
configure:3154: gcc    conftest.c  >&5
configure:3158: $? = 0
configure:3206: result: yes
configure:3209: checking for C compiler default output file name
configure:3211: result: a.out
configure:3217: checking for suffix of executables
configure:3224: gcc -o conftest    conftest.c  >&5
configure:3228: $? = 0
configure:3250: result: 
configure:3272: checking whether we are cross compiling
configure:3280: gcc -o conftest    conftest.c  >&5
configure:3284: $? = 0
configure:3291: ./conftest
configure:3295: $? = 0
configure:3310: result: no
configure:3315: checking for suffix of object files
configure:3337: gcc -c   conftest.c >&5
configure:3341: $? = 0
configure:3362: result: o
configure:3366: checking whether we are using the GNU C compiler
configure:3385: gcc -c   conftest.c >&5
configure:3385: $? = 0
configure:3394: result: yes
configure:3403: checking whether gcc accepts -g
configure:3423: gcc -c -g  conftest.c >&5
configure:3423: $? = 0
configure:3464: result: yes
configure:3481: checking for gcc option to accept ISO C89
configure:3544: gcc  -c -g -O2  conftest.c >&5
configure:3544: $? = 0
configure:3557: result: none needed
configure:3582: checking whether gcc understands -c and -o together
configure:3604: gcc -c conftest.c -o conftest2.o
configure:3607: $? = 0
configure:3604: gcc -c conftest.c -o conftest2.o
configure:3607: $? = 0
configure:3619: result: yes
configure:3647: checking for style of include used by make
configure:3675: result: GNU
configure:3701: checking dependency style of gcc
configure:3812: result: gcc3
configure:3831: checking for gawk
configure:3858: result: gawk
configure:3874: checking how to run the C preprocessor
configure:3905: gcc -E  conftest.c
configure:3905: $? = 0
configure:3919: gcc -E  conftest.c
conftest.c:11:28: fatal error: ac_nonexistent.h: No such file or directory
 #include <ac_nonexistent.h>
                            ^
compilation terminated.
configure:3919: $? = 1
configure: failed program was:
| /* confdefs.h */
| #define PACKAGE_NAME "nana"
| #define PACKAGE_TARNAME "nana"
| #define PACKAGE_VERSION "3.0"
| #define PACKAGE_STRING "nana 3.0"
| #define PACKAGE_BUGREPORT ""
| #define PACKAGE_URL ""
| #define PACKAGE "nana"
| #define VERSION "3.0"
| /* end confdefs.h.  */
| #include <ac_nonexistent.h>
configure:3944: result: gcc -E
configure:3964: gcc -E  conftest.c
configure:3964: $? = 0
configure:3978: gcc -E  conftest.c
conftest.c:11:28: fatal error: ac_nonexistent.h: No such file or directory
 #include <ac_nonexistent.h>
                            ^
compilation terminated.
configure:3978: $? = 1
configure: failed program was:
| /* confdefs.h */
| #define PACKAGE_NAME "nana"
| #define PACKAGE_TARNAME "nana"
| #define PACKAGE_VERSION "3.0"
| #define PACKAGE_STRING "nana 3.0"
| #define PACKAGE_BUGREPORT ""
| #define PACKAGE_URL ""
| #define PACKAGE "nana"
| #define VERSION "3.0"
| /* end confdefs.h.  */
| #include <ac_nonexistent.h>
configure:4064: checking for g++
configure:4080: found /usr/bin/g++
configure:4091: result: g++
configure:4118: checking for C++ compiler version
configure:4127: g++ --version >&5
g++ (Ubuntu 4.8.2-19ubuntu1) 4.8.2
Copyright (C) 2013 Free Software Foundation, Inc.
This is free software; see the source for copying conditions.  There is NO
warranty; not even for MERCHANTABILITY or FITNESS FOR A PARTICULAR PURPOSE.

configure:4138: $? = 0
configure:4127: g++ -v >&5
Using built-in specs.
COLLECT_GCC=g++
COLLECT_LTO_WRAPPER=/usr/lib/gcc/x86_64-linux-gnu/4.8/lto-wrapper
Target: x86_64-linux-gnu
Configured with: ../src/configure -v --with-pkgversion='Ubuntu 4.8.2-19ubuntu1' --with-bugurl=file:///usr/share/doc/gcc-4.8/README.Bugs --enable-languages=c,c++,java,go,d,fortran,objc,obj-c++ --prefix=/usr --program-suffix=-4.8 --enable-shared --enable-linker-build-id --libexecdir=/usr/lib --without-included-gettext --enable-threads=posix --with-gxx-include-dir=/usr/include/c++/4.8 --libdir=/usr/lib --enable-nls --with-sysroot=/ --enable-clocale=gnu --enable-libstdcxx-debug --enable-libstdcxx-time=yes --enable-gnu-unique-object --disable-libmudflap --enable-plugin --with-system-zlib --disable-browser-plugin --enable-java-awt=gtk --enable-gtk-cairo --with-java-home=/usr/lib/jvm/java-1.5.0-gcj-4.8-amd64/jre --enable-java-home --with-jvm-root-dir=/usr/lib/jvm/java-1.5.0-gcj-4.8-amd64 --with-jvm-jar-dir=/usr/lib/jvm-exports/java-1.5.0-gcj-4.8-amd64 --with-arch-directory=amd64 --with-ecj-jar=/usr/share/java/eclipse-ecj.jar --enable-objc-gc --enable-multiarch --disable-werror --with-arch-32=i686 --with-abi=m64 --with-multilib-list=m32,m64,mx32 --with-tune=generic --enable-checking=release --build=x86_64-linux-gnu --host=x86_64-linux-gnu --target=x86_64-linux-gnu
Thread model: posix
gcc version 4.8.2 (Ubuntu 4.8.2-19ubuntu1) 
configure:4138: $? = 0
configure:4127: g++ -V >&5
g++: error: unrecognized command line option '-V'
g++: fatal error: no input files
compilation terminated.
configure:4138: $? = 4
configure:4127: g++ -qversion >&5
g++: error: unrecognized command line option '-qversion'
g++: fatal error: no input files
compilation terminated.
configure:4138: $? = 4
configure:4142: checking whether we are using the GNU C++ compiler
configure:4161: g++ -c   conftest.cpp >&5
configure:4161: $? = 0
configure:4170: result: yes
configure:4179: checking whether g++ accepts -g
configure:4199: g++ -c -g  conftest.cpp >&5
configure:4199: $? = 0
configure:4240: result: yes
configure:4265: checking dependency style of g++
configure:4376: result: gcc3
configure:4396: checking how to run the C++ preprocessor
configure:4423: g++ -E  conftest.cpp
configure:4423: $? = 0
configure:4437: g++ -E  conftest.cpp
conftest.cpp:11:28: fatal error: ac_nonexistent.h: No such file or directory
 #include <ac_nonexistent.h>
                            ^
compilation terminated.
configure:4437: $? = 1
configure: failed program was:
| /* confdefs.h */
| #define PACKAGE_NAME "nana"
| #define PACKAGE_TARNAME "nana"
| #define PACKAGE_VERSION "3.0"
| #define PACKAGE_STRING "nana 3.0"
| #define PACKAGE_BUGREPORT ""
| #define PACKAGE_URL ""
| #define PACKAGE "nana"
| #define VERSION "3.0"
| /* end confdefs.h.  */
| #include <ac_nonexistent.h>
configure:4462: result: g++ -E
configure:4482: g++ -E  conftest.cpp
configure:4482: $? = 0
configure:4496: g++ -E  conftest.cpp
conftest.cpp:11:28: fatal error: ac_nonexistent.h: No such file or directory
 #include <ac_nonexistent.h>
                            ^
compilation terminated.
configure:4496: $? = 1
configure: failed program was:
| /* confdefs.h */
| #define PACKAGE_NAME "nana"
| #define PACKAGE_TARNAME "nana"
| #define PACKAGE_VERSION "3.0"
| #define PACKAGE_STRING "nana 3.0"
| #define PACKAGE_BUGREPORT ""
| #define PACKAGE_URL ""
| #define PACKAGE "nana"
| #define VERSION "3.0"
| /* end confdefs.h.  */
| #include <ac_nonexistent.h>
configure:4525: checking whether make sets $(MAKE)
configure:4547: result: yes
configure:4599: checking for ranlib
configure:4615: found /usr/bin/ranlib
configure:4626: result: ranlib
configure:4650: checking for fmt
configure:4666: found /usr/bin/fmt
configure:4678: result: fmt
configure:4689: checking for gtar
configure:4720: result: tar
configure:4730: checking for gfind
configure:4761: result: find
configure:4771: checking for gdb
configure:4789: found /usr/bin/gdb
configure:4801: result: /usr/bin/gdb
configure:4810: checking for inline
configure:4826: gcc -c -g -O2  conftest.c >&5
configure:4826: $? = 0
configure:4834: result: inline
configure:4852: checking for an ANSI C-conforming const
configure:4918: gcc -c -g -O2  conftest.c >&5
configure:4918: $? = 0
configure:4925: result: yes
configure:4945: checking I_DEFAULT_HANDLER
configure:4977: result: "default"
configure:4994: checking DI_MAKE_VALID_BREAKPOINT
configure:5010: result: "default"
configure:5022: checking DL_MAKE_VALID_BREAKPOINT
configure:5038: result: "default"
configure:5052: checking ALWAYS_INCLUDE_MALLOC
configure:5077: result: 0
configure:5104: checking for vsprintf
configure:5104: gcc -o conftest -g -O2   conftest.c  >&5
conftest.c:34:6: warning: conflicting types for built-in function 'vsprintf' [enabled by default]
 char vsprintf ();
      ^
configure:5104: $? = 0
configure:5104: result: yes
configure:5104: checking for vsnprintf
configure:5104: gcc -o conftest -g -O2   conftest.c  >&5
conftest.c:35:6: warning: conflicting types for built-in function 'vsnprintf' [enabled by default]
 char vsnprintf ();
      ^
configure:5104: $? = 0
configure:5104: result: yes
configure:5104: checking for gettimeofday
configure:5104: gcc -o conftest -g -O2   conftest.c  >&5
configure:5104: $? = 0
configure:5104: result: yes
configure:5265: checking that generated files are newer than configure
configure:5271: result: done
configure:5298: creating ./config.status

## ---------------------- ##
## Running config.status. ##
## ---------------------- ##

This file was extended by nana config.status 3.0, which was
generated by GNU Autoconf 2.69.  Invocation command line was

  CONFIG_FILES    = 
  CONFIG_HEADERS  = 
  CONFIG_LINKS    = 
  CONFIG_COMMANDS = 
  $ ./config.status 

on pjm

config.status:823: creating Makefile
config.status:823: creating doc/Makefile
config.status:823: creating examples/Makefile
config.status:823: creating man/Makefile
config.status:823: creating src/Makefile
config.status:823: creating test/Makefile
config.status:823: creating gdb/Makefile
config.status:823: creating emacs/Makefile
config.status:823: creating perf/Makefile
config.status:823: creating src/nana-config.h
config.status:823: creating src/nana
config.status:823: creating src/nana-run
config.status:931: WARNING:  'src/nana-run.in' seems to ignore the --datarootdir setting
config.status:823: creating src/nana-clg
config.status:823: creating gdb/nana-trace
config.status:823: creating gdb/nana-libtrace
config.status:823: creating src/nana-c++lg
config.status:823: creating shortform/Makefile
config.status:823: creating shortform/nana-sfg
config.status:823: creating shortform/nana-sfdir
config.status:823: creating test/gammon
config.status:931: WARNING:  'test/gammon.in' seems to ignore the --datarootdir setting
config.status:995: executing depfiles commands
config.status:995: executing default commands

## ---------------- ##
## Cache variables. ##
## ---------------- ##

ac_cv_build=x86_64-pc-linux-gnu
ac_cv_c_compiler_gnu=yes
ac_cv_c_const=yes
ac_cv_c_inline=inline
ac_cv_cxx_compiler_gnu=yes
ac_cv_env_CCC_set=
ac_cv_env_CCC_value=
ac_cv_env_CC_set=
ac_cv_env_CC_value=
ac_cv_env_CFLAGS_set=
ac_cv_env_CFLAGS_value=
ac_cv_env_CPPFLAGS_set=
ac_cv_env_CPPFLAGS_value=
ac_cv_env_CPP_set=
ac_cv_env_CPP_value=
ac_cv_env_CXXCPP_set=
ac_cv_env_CXXCPP_value=
ac_cv_env_CXXFLAGS_set=
ac_cv_env_CXXFLAGS_value=
ac_cv_env_CXX_set=
ac_cv_env_CXX_value=
ac_cv_env_LDFLAGS_set=
ac_cv_env_LDFLAGS_value=
ac_cv_env_LIBS_set=
ac_cv_env_LIBS_value=
ac_cv_env_build_alias_set=
ac_cv_env_build_alias_value=
ac_cv_env_host_alias_set=
ac_cv_env_host_alias_value=
ac_cv_env_target_alias_set=
ac_cv_env_target_alias_value=
ac_cv_func_gettimeofday=yes
ac_cv_func_vsnprintf=yes
ac_cv_func_vsprintf=yes
ac_cv_host=x86_64-pc-linux-gnu
ac_cv_objext=o
ac_cv_path_FIND=find
ac_cv_path_GDB=/usr/bin/gdb
ac_cv_path_TAR=tar
ac_cv_path_install='/usr/bin/install -c'
ac_cv_path_mkdir=/bin/mkdir
ac_cv_prog_AWK=gawk
ac_cv_prog_CPP='gcc -E'
ac_cv_prog_CXXCPP='g++ -E'
ac_cv_prog_FMT=fmt
ac_cv_prog_ac_ct_CC=gcc
ac_cv_prog_ac_ct_CXX=g++
ac_cv_prog_ac_ct_RANLIB=ranlib
ac_cv_prog_cc_c89=
ac_cv_prog_cc_g=yes
ac_cv_prog_cxx_g=yes
ac_cv_prog_make_make_set=yes
ac_cv_target=x86_64-pc-linux-gnu
am_cv_CC_dependencies_compiler_type=gcc3
am_cv_CXX_dependencies_compiler_type=gcc3
am_cv_make_support_nested_variables=yes
am_cv_prog_cc_c_o=yes

## ----------------- ##
## Output variables. ##
## ----------------- ##

ACLOCAL='aclocal-1.14'
ALWAYS_INCLUDE_MALLOC='#define ALWAYS_INCLUDE_MALLOC/* no arguments */ 0'
AMDEPBACKSLASH='\'
AMDEP_FALSE='#'
AMDEP_TRUE=''
AMTAR='$${TAR-tar}'
AM_BACKSLASH='\'
AM_DEFAULT_V='$(AM_DEFAULT_VERBOSITY)'
AM_DEFAULT_VERBOSITY='1'
AM_V='$(V)'
AUTOCONF='autoconf'
AUTOHEADER='autoheader'
AUTOMAKE='automake-1.14'
AWK='gawk'
CC='gcc'
CCDEPMODE='depmode=gcc3'
CFLAGS='-g -O2'
CPP='gcc -E'
CPPFLAGS=''
CXX='g++'
CXXCPP='g++ -E'
CXXDEPMODE='depmode=gcc3'
CXXFLAGS='-g -O2'
CYGPATH_W='echo'
DEFS='-DPACKAGE_NAME=\"nana\" -DPACKAGE_TARNAME=\"nana\" -DPACKAGE_VERSION=\"3.0\" -DPACKAGE_STRING=\"nana\ 3.0\" -DPACKAGE_BUGREPORT=\"\" -DPACKAGE_URL=\"\" -DPACKAGE=\"nana\" -DVERSION=\"3.0\" -DHAVE_VSPRINTF=1 -DHAVE_VSNPRINTF=1 -DHAVE_GETTIMEOFDAY=1'
DEPDIR='.deps'
DI_MAKE_VALID_BREAKPOINT=''
DL_MAKE_VALID_BREAKPOINT=''
ECHO_C=''
ECHO_N='-n'
ECHO_T=''
EXEEXT=''
FIND='find'
FMT='fmt'
GDB='/usr/bin/gdb'
HAVE_RDTSC='0'
INSTALL_DATA='${INSTALL} -m 644'
INSTALL_PROGRAM='${INSTALL}'
INSTALL_SCRIPT='${INSTALL}'
INSTALL_STRIP_PROGRAM='$(install_sh) -c -s'
I_DEFAULT_HANDLER=''
LDFLAGS=''
LIBOBJS=''
LIBS=''
LTLIBOBJS=''
MAKEINFO='makeinfo'
MKDIR_P='/bin/mkdir -p'
OBJEXT='o'
PACKAGE='nana'
PACKAGE_BUGREPORT=''
PACKAGE_NAME='nana'
PACKAGE_STRING='nana 3.0'
PACKAGE_TARNAME='nana'
PACKAGE_URL=''
PACKAGE_VERSION='3.0'
PATH_SEPARATOR=':'
PREV_VERSION='2.4'
RANLIB='ranlib'
SET_MAKE=''
SHELL='/bin/bash'
STRIP=''
TAR='tar'
VERSION='3.0'
ac_ct_CC='gcc'
ac_ct_CXX='g++'
am__EXEEXT_FALSE=''
am__EXEEXT_TRUE='#'
am__fastdepCC_FALSE='#'
am__fastdepCC_TRUE=''
am__fastdepCXX_FALSE='#'
am__fastdepCXX_TRUE=''
am__include='include'
am__isrc=''
am__leading_dot='.'
am__nodep='_no'
am__quote=''
am__tar='$${TAR-tar} chof - "$$tardir"'
am__untar='$${TAR-tar} xf -'
bindir='${exec_prefix}/bin'
build='x86_64-pc-linux-gnu'
build_alias=''
build_cpu='x86_64'
build_os='linux-gnu'
build_vendor='pc'
datadir='${datarootdir}'
datarootdir='${prefix}/share'
docdir='${datarootdir}/doc/${PACKAGE_TARNAME}'
dvidir='${docdir}'
exec_prefix='${prefix}'
host='x86_64-pc-linux-gnu'
host_alias=''
host_cpu='x86_64'
host_os='linux-gnu'
host_vendor='pc'
htmldir='${docdir}'
includedir='${prefix}/include'
infodir='${datarootdir}/info'
install_sh='${SHELL} /home/pjm/github/nana/install-sh'
libdir='${exec_prefix}/lib'
libexecdir='${exec_prefix}/libexec'
localedir='${datarootdir}/locale'
localstatedir='${prefix}/var'
mandir='${datarootdir}/man'
mkdir_p='$(MKDIR_P)'
oldincludedir='/usr/include'
pdfdir='${docdir}'
prefix='/usr/local'
program_transform_name='s,x,x,'
psdir='${docdir}'
sbindir='${exec_prefix}/sbin'
sharedstatedir='${prefix}/com'
sysconfdir='${prefix}/etc'
target='x86_64-pc-linux-gnu'
target_alias=''
target_cpu='x86_64'
target_os='linux-gnu'
target_vendor='pc'

## ----------- ##
## confdefs.h. ##
## ----------- ##

/* confdefs.h */
#define PACKAGE_NAME "nana"
#define PACKAGE_TARNAME "nana"
#define PACKAGE_VERSION "3.0"
#define PACKAGE_STRING "nana 3.0"
#define PACKAGE_BUGREPORT ""
#define PACKAGE_URL ""
#define PACKAGE "nana"
#define VERSION "3.0"
#define HAVE_VSPRINTF 1
#define HAVE_VSNPRINTF 1
#define HAVE_GETTIMEOFDAY 1

configure: exit 0
